2025-08-18 16:33:13 - trading_system - ERROR - ERROR: 'status'
2025-08-18 16:33:13 - trading_system - ERROR - Context: {"operation": "load_state"}
2025-08-18 16:33:13 - trading_system - INFO - 💼 Paper Trading Enhanced inicializado con $10,000.00
2025-08-18 16:33:14 - trading_system - ERROR - ERROR: 'capital_used'
2025-08-18 16:33:14 - trading_system - ERROR - Context: {"operation": "open_position", "symbol": "SOLUSDT"}
2025-08-18 16:33:14 - trading_system - INFO - Backtest completado para SOLUSDT: Return: 0.00%, Trades: 0, Win Rate: 0.0%
2025-08-18 16:33:14 - trading_system - INFO - Backtest completado para SOLUSDT: Return: 0.00%, Trades: 0, Win Rate: 0.0%
2025-08-18 16:33:15 - trading_system - INFO - Backtest completado para ADAUSDT: Return: 0.00%, Trades: 0, Win Rate: 0.0%
2025-08-18 16:33:17 - trading_system - ERROR - ERROR: division by zero
2025-08-18 16:33:17 - trading_system - ERROR - Context: {"test": "division_by_zero"}
2025-08-18 16:33:17 - trading_system - INFO - TRADING ACTION: TEST_ACTION for SOLUSDT
2025-08-18 16:33:17 - trading_system - INFO - Details: {"test": true, "value": 100}
2025-08-18 16:34:48 - trading_system - INFO - 📂 Estado cargado: 3 posiciones activas
2025-08-18 16:34:48 - trading_system - INFO - 💼 Paper Trading Enhanced inicializado con $1,000.00
2025-08-18 16:35:35 - trading_system - INFO - 📂 Estado cargado: 4 posiciones activas
2025-08-18 16:35:35 - trading_system - INFO - 💼 Paper Trading Enhanced inicializado con $1,000.00
2025-08-18 17:07:14 - trading_system - INFO - Backtest completado para DOGEUSDT: Return: 0.00%, Trades: 0, Win Rate: 0.0%
2025-08-18 17:07:14 - trading_system - INFO - Backtest completado para SOLUSDT: Return: 0.00%, Trades: 0, Win Rate: 0.0%
2025-08-18 17:07:15 - trading_system - INFO - Backtest completado para LINKUSDT: Return: 0.00%, Trades: 0, Win Rate: 0.0%
2025-08-18 17:07:15 - trading_system - INFO - Backtest completado para DOGEUSDT: Return: 0.00%, Trades: 0, Win Rate: 0.0%
2025-08-18 17:07:15 - trading_system - INFO - Backtest completado para DOGEUSDT: Return: 0.00%, Trades: 0, Win Rate: 0.0%
2025-08-18 17:07:15 - trading_system - INFO - Backtest completado para SOLUSDT: Return: 0.00%, Trades: 0, Win Rate: 0.0%
2025-08-18 17:07:15 - trading_system - INFO - Backtest completado para SOLUSDT: Return: 5.93%, Trades: 3, Win Rate: 100.0%
2025-08-18 17:07:15 - trading_system - INFO - Backtest completado para SOLUSDT: Return: -3.83%, Trades: 3, Win Rate: 66.7%
2025-08-18 17:07:15 - trading_system - INFO - Backtest completado para LINKUSDT: Return: 1.38%, Trades: 1, Win Rate: 100.0%
2025-08-18 17:07:15 - trading_system - INFO - Backtest completado para LINKUSDT: Return: 0.00%, Trades: 0, Win Rate: 0.0%
2025-08-18 17:07:15 - trading_system - INFO - Backtest completado para LINKUSDT: Return: -4.98%, Trades: 1, Win Rate: 0.0%
2025-08-18 17:07:15 - trading_system - INFO - Backtest completado para DOGEUSDT: Return: 0.00%, Trades: 0, Win Rate: 0.0%
2025-08-18 17:07:15 - trading_system - INFO - Backtest completado para DOGEUSDT: Return: 0.00%, Trades: 0, Win Rate: 0.0%
2025-08-18 17:07:15 - trading_system - INFO - Backtest completado para ADAUSDT: Return: 0.00%, Trades: 0, Win Rate: 0.0%
2025-08-18 17:07:15 - trading_system - INFO - Backtest completado para ADAUSDT: Return: -8.72%, Trades: 1, Win Rate: 0.0%
2025-08-18 17:07:15 - trading_system - INFO - Backtest completado para ADAUSDT: Return: -4.91%, Trades: 3, Win Rate: 33.3%
2025-08-18 17:07:16 - trading_system - INFO - Backtest completado para AVAXUSDT: Return: 15.45%, Trades: 2, Win Rate: 100.0%
2025-08-18 17:07:16 - trading_system - INFO - Backtest completado para AVAXUSDT: Return: 0.00%, Trades: 0, Win Rate: 0.0%
2025-08-18 17:07:16 - trading_system - INFO - Backtest completado para AVAXUSDT: Return: 0.00%, Trades: 2, Win Rate: 50.0%
2025-08-18 17:10:41 - trading_system - INFO - Backtest completado para DOGEUSDT: Return: 0.00%, Trades: 0, Win Rate: 0.0%
2025-08-18 17:10:41 - trading_system - INFO - Backtest completado para DOGEUSDT: Return: 0.00%, Trades: 0, Win Rate: 0.0%
2025-08-18 17:10:41 - trading_system - INFO - Backtest completado para DOGEUSDT: Return: -14.27%, Trades: 2, Win Rate: 0.0%
2025-08-18 17:10:41 - trading_system - INFO - Backtest completado para DOGEUSDT: Return: 0.00%, Trades: 0, Win Rate: 0.0%
2025-08-18 17:10:41 - trading_system - INFO - Backtest completado para DOGEUSDT: Return: 0.00%, Trades: 0, Win Rate: 0.0%
2025-08-18 17:10:41 - trading_system - INFO - Backtest completado para DOGEUSDT: Return: -8.37%, Trades: 2, Win Rate: 50.0%
2025-08-18 17:10:41 - trading_system - INFO - Backtest completado para DOGEUSDT: Return: -17.79%, Trades: 5, Win Rate: 20.0%
2025-08-18 17:10:42 - trading_system - INFO - Backtest completado para DOGEUSDT: Return: 0.00%, Trades: 0, Win Rate: 0.0%
2025-08-18 17:10:42 - trading_system - INFO - Backtest completado para DOGEUSDT: Return: 0.00%, Trades: 0, Win Rate: 0.0%
2025-08-18 17:10:42 - trading_system - INFO - Backtest completado para DOGEUSDT: Return: -24.04%, Trades: 4, Win Rate: 50.0%
2025-08-18 17:10:42 - trading_system - INFO - Backtest completado para DOGEUSDT: Return: -5.85%, Trades: 7, Win Rate: 28.6%
2025-08-18 17:10:42 - trading_system - INFO - Backtest completado para DOGEUSDT: Return: 0.00%, Trades: 0, Win Rate: 0.0%
2025-08-18 17:10:43 - trading_system - INFO - Backtest completado para ADAUSDT: Return: 0.00%, Trades: 0, Win Rate: 0.0%
2025-08-18 17:10:43 - trading_system - INFO - Backtest completado para ADAUSDT: Return: -8.72%, Trades: 1, Win Rate: 0.0%
2025-08-18 17:10:43 - trading_system - INFO - Backtest completado para ADAUSDT: Return: -4.91%, Trades: 3, Win Rate: 33.3%
2025-08-18 17:10:43 - trading_system - INFO - Backtest completado para ADAUSDT: Return: 0.00%, Trades: 0, Win Rate: 0.0%
2025-08-18 17:10:43 - trading_system - INFO - Backtest completado para ADAUSDT: Return: 0.00%, Trades: 0, Win Rate: 0.0%
2025-08-18 17:10:43 - trading_system - INFO - Backtest completado para ADAUSDT: Return: -21.60%, Trades: 3, Win Rate: 66.7%
2025-08-18 17:10:43 - trading_system - INFO - Backtest completado para ADAUSDT: Return: -6.94%, Trades: 6, Win Rate: 33.3%
2025-08-18 17:10:43 - trading_system - INFO - Backtest completado para ADAUSDT: Return: 0.00%, Trades: 0, Win Rate: 0.0%
2025-08-18 17:10:44 - trading_system - INFO - Backtest completado para ADAUSDT: Return: 0.00%, Trades: 0, Win Rate: 0.0%
2025-08-18 17:10:44 - trading_system - INFO - Backtest completado para ADAUSDT: Return: -12.51%, Trades: 9, Win Rate: 77.8%
2025-08-18 17:10:44 - trading_system - INFO - Backtest completado para ADAUSDT: Return: -6.16%, Trades: 11, Win Rate: 45.5%
2025-08-18 17:10:44 - trading_system - INFO - Backtest completado para ADAUSDT: Return: 0.00%, Trades: 0, Win Rate: 0.0%
2025-08-18 17:10:45 - trading_system - INFO - Backtest completado para AVAXUSDT: Return: 0.00%, Trades: 0, Win Rate: 0.0%
2025-08-18 17:10:45 - trading_system - INFO - Backtest completado para AVAXUSDT: Return: 15.45%, Trades: 2, Win Rate: 100.0%
2025-08-18 17:10:45 - trading_system - INFO - Backtest completado para AVAXUSDT: Return: 0.00%, Trades: 2, Win Rate: 50.0%
2025-08-18 17:10:45 - trading_system - INFO - Backtest completado para AVAXUSDT: Return: 0.00%, Trades: 0, Win Rate: 0.0%
2025-08-18 17:10:45 - trading_system - INFO - Backtest completado para AVAXUSDT: Return: 0.00%, Trades: 0, Win Rate: 0.0%
2025-08-18 17:10:45 - trading_system - INFO - Backtest completado para AVAXUSDT: Return: 11.15%, Trades: 4, Win Rate: 75.0%
2025-08-18 17:10:45 - trading_system - INFO - Backtest completado para AVAXUSDT: Return: -7.56%, Trades: 6, Win Rate: 33.3%
2025-08-18 17:10:45 - trading_system - INFO - Backtest completado para AVAXUSDT: Return: 0.00%, Trades: 0, Win Rate: 0.0%
2025-08-18 17:10:46 - trading_system - INFO - Backtest completado para AVAXUSDT: Return: 0.00%, Trades: 0, Win Rate: 0.0%
2025-08-18 17:10:46 - trading_system - INFO - Backtest completado para AVAXUSDT: Return: 14.29%, Trades: 8, Win Rate: 62.5%
2025-08-18 17:10:46 - trading_system - INFO - Backtest completado para AVAXUSDT: Return: 9.50%, Trades: 10, Win Rate: 60.0%
2025-08-18 17:10:46 - trading_system - INFO - Backtest completado para AVAXUSDT: Return: 0.00%, Trades: 0, Win Rate: 0.0%
2025-08-18 17:10:47 - trading_system - INFO - Backtest completado para SOLUSDT: Return: 0.00%, Trades: 0, Win Rate: 0.0%
2025-08-18 17:10:47 - trading_system - INFO - Backtest completado para SOLUSDT: Return: 5.93%, Trades: 3, Win Rate: 100.0%
2025-08-18 17:10:47 - trading_system - INFO - Backtest completado para SOLUSDT: Return: -3.83%, Trades: 3, Win Rate: 66.7%
2025-08-18 17:10:47 - trading_system - INFO - Backtest completado para SOLUSDT: Return: 0.00%, Trades: 0, Win Rate: 0.0%
2025-08-18 17:10:47 - trading_system - INFO - Backtest completado para SOLUSDT: Return: 0.00%, Trades: 0, Win Rate: 0.0%
2025-08-18 17:10:47 - trading_system - INFO - Backtest completado para SOLUSDT: Return: -8.00%, Trades: 3, Win Rate: 66.7%
2025-08-18 17:10:47 - trading_system - INFO - Backtest completado para SOLUSDT: Return: -13.46%, Trades: 7, Win Rate: 42.9%
2025-08-18 17:10:48 - trading_system - INFO - Backtest completado para SOLUSDT: Return: 0.00%, Trades: 0, Win Rate: 0.0%
2025-08-18 17:10:48 - trading_system - INFO - Backtest completado para SOLUSDT: Return: 0.00%, Trades: 0, Win Rate: 0.0%
2025-08-18 17:10:48 - trading_system - INFO - Backtest completado para SOLUSDT: Return: -20.55%, Trades: 7, Win Rate: 42.9%
2025-08-18 17:10:48 - trading_system - INFO - Backtest completado para SOLUSDT: Return: -1.19%, Trades: 11, Win Rate: 54.5%
2025-08-18 17:10:48 - trading_system - INFO - Backtest completado para SOLUSDT: Return: 0.00%, Trades: 0, Win Rate: 0.0%
2025-08-18 17:10:49 - trading_system - INFO - Backtest completado para XRPUSDT: Return: 0.00%, Trades: 0, Win Rate: 0.0%
2025-08-18 17:10:49 - trading_system - INFO - Backtest completado para XRPUSDT: Return: 9.88%, Trades: 3, Win Rate: 100.0%
2025-08-18 17:10:49 - trading_system - INFO - Backtest completado para XRPUSDT: Return: -9.82%, Trades: 3, Win Rate: 0.0%
2025-08-18 17:10:49 - trading_system - INFO - Backtest completado para XRPUSDT: Return: 0.00%, Trades: 0, Win Rate: 0.0%
2025-08-18 17:10:49 - trading_system - INFO - Backtest completado para XRPUSDT: Return: 0.00%, Trades: 0, Win Rate: 0.0%
2025-08-18 17:10:49 - trading_system - INFO - Backtest completado para XRPUSDT: Return: 7.63%, Trades: 8, Win Rate: 87.5%
2025-08-18 17:10:49 - trading_system - INFO - Backtest completado para XRPUSDT: Return: -18.78%, Trades: 9, Win Rate: 11.1%
2025-08-18 17:10:49 - trading_system - INFO - Backtest completado para XRPUSDT: Return: 0.00%, Trades: 0, Win Rate: 0.0%
2025-08-18 17:10:50 - trading_system - INFO - Backtest completado para XRPUSDT: Return: 0.00%, Trades: 0, Win Rate: 0.0%
2025-08-18 17:10:50 - trading_system - INFO - Backtest completado para XRPUSDT: Return: 6.27%, Trades: 13, Win Rate: 76.9%
2025-08-18 17:10:51 - trading_system - INFO - Backtest completado para XRPUSDT: Return: -7.52%, Trades: 15, Win Rate: 33.3%
2025-08-18 17:10:51 - trading_system - INFO - Backtest completado para XRPUSDT: Return: 0.00%, Trades: 0, Win Rate: 0.0%
2025-08-18 17:10:51 - trading_system - INFO - Backtest completado para LINKUSDT: Return: 0.00%, Trades: 0, Win Rate: 0.0%
2025-08-18 17:10:51 - trading_system - INFO - Backtest completado para LINKUSDT: Return: 1.38%, Trades: 1, Win Rate: 100.0%
2025-08-18 17:10:51 - trading_system - INFO - Backtest completado para LINKUSDT: Return: -4.98%, Trades: 1, Win Rate: 0.0%
2025-08-18 17:10:51 - trading_system - INFO - Backtest completado para LINKUSDT: Return: 0.00%, Trades: 0, Win Rate: 0.0%
2025-08-18 17:10:51 - trading_system - INFO - Backtest completado para LINKUSDT: Return: 0.00%, Trades: 0, Win Rate: 0.0%
2025-08-18 17:10:51 - trading_system - INFO - Backtest completado para LINKUSDT: Return: -28.42%, Trades: 2, Win Rate: 50.0%
2025-08-18 17:10:51 - trading_system - INFO - Backtest completado para LINKUSDT: Return: 23.40%, Trades: 3, Win Rate: 33.3%
2025-08-18 17:10:51 - trading_system - INFO - Backtest completado para LINKUSDT: Return: 0.00%, Trades: 0, Win Rate: 0.0%
2025-08-18 17:10:52 - trading_system - INFO - Backtest completado para LINKUSDT: Return: 0.00%, Trades: 0, Win Rate: 0.0%
2025-08-18 17:10:52 - trading_system - INFO - Backtest completado para LINKUSDT: Return: -27.98%, Trades: 6, Win Rate: 50.0%
2025-08-18 17:10:52 - trading_system - INFO - Backtest completado para LINKUSDT: Return: 20.24%, Trades: 8, Win Rate: 37.5%
2025-08-18 17:10:52 - trading_system - INFO - Backtest completado para LINKUSDT: Return: 0.00%, Trades: 0, Win Rate: 0.0%
2025-08-18 17:10:52 - trading_system - INFO - Backtest completado para DOTUSDT: Return: 0.00%, Trades: 0, Win Rate: 0.0%
2025-08-18 17:10:52 - trading_system - INFO - Backtest completado para DOTUSDT: Return: 9.34%, Trades: 2, Win Rate: 100.0%
2025-08-18 17:10:52 - trading_system - INFO - Backtest completado para DOTUSDT: Return: -12.97%, Trades: 3, Win Rate: 0.0%
2025-08-18 17:10:52 - trading_system - INFO - Backtest completado para DOTUSDT: Return: 0.00%, Trades: 0, Win Rate: 0.0%
2025-08-18 17:10:53 - trading_system - INFO - Backtest completado para DOTUSDT: Return: 0.00%, Trades: 0, Win Rate: 0.0%
2025-08-18 17:10:53 - trading_system - INFO - Backtest completado para DOTUSDT: Return: -1.48%, Trades: 3, Win Rate: 66.7%
2025-08-18 17:10:53 - trading_system - INFO - Backtest completado para DOTUSDT: Return: -14.47%, Trades: 6, Win Rate: 16.7%
2025-08-18 17:10:53 - trading_system - INFO - Backtest completado para DOTUSDT: Return: 0.00%, Trades: 0, Win Rate: 0.0%
2025-08-18 17:10:54 - trading_system - INFO - Backtest completado para DOTUSDT: Return: 0.00%, Trades: 0, Win Rate: 0.0%
2025-08-18 17:10:54 - trading_system - INFO - Backtest completado para DOTUSDT: Return: 1.77%, Trades: 7, Win Rate: 57.1%
2025-08-18 17:10:54 - trading_system - INFO - Backtest completado para DOTUSDT: Return: -15.50%, Trades: 11, Win Rate: 27.3%
2025-08-18 17:10:54 - trading_system - INFO - Backtest completado para DOTUSDT: Return: 0.00%, Trades: 0, Win Rate: 0.0%
2025-08-18 17:10:54 - trading_system - INFO - Backtest completado para BNBUSDT: Return: 0.00%, Trades: 0, Win Rate: 0.0%
2025-08-18 17:10:54 - trading_system - INFO - Backtest completado para BNBUSDT: Return: 6.00%, Trades: 4, Win Rate: 100.0%
2025-08-18 17:10:54 - trading_system - INFO - Backtest completado para BNBUSDT: Return: -6.09%, Trades: 3, Win Rate: 0.0%
2025-08-18 17:10:54 - trading_system - INFO - Backtest completado para BNBUSDT: Return: 0.00%, Trades: 0, Win Rate: 0.0%
2025-08-18 17:10:55 - trading_system - INFO - Backtest completado para BNBUSDT: Return: 0.00%, Trades: 0, Win Rate: 0.0%
2025-08-18 17:10:55 - trading_system - INFO - Backtest completado para BNBUSDT: Return: -1.50%, Trades: 5, Win Rate: 80.0%
2025-08-18 17:10:55 - trading_system - INFO - Backtest completado para BNBUSDT: Return: -2.84%, Trades: 4, Win Rate: 25.0%
2025-08-18 17:10:55 - trading_system - INFO - Backtest completado para BNBUSDT: Return: 0.00%, Trades: 0, Win Rate: 0.0%
2025-08-18 17:10:56 - trading_system - INFO - Backtest completado para BNBUSDT: Return: 0.00%, Trades: 0, Win Rate: 0.0%
2025-08-18 17:10:56 - trading_system - INFO - Backtest completado para BNBUSDT: Return: 17.40%, Trades: 14, Win Rate: 78.6%
2025-08-18 17:10:56 - trading_system - INFO - Backtest completado para BNBUSDT: Return: -2.94%, Trades: 9, Win Rate: 33.3%
2025-08-18 17:10:56 - trading_system - INFO - Backtest completado para BNBUSDT: Return: 0.00%, Trades: 0, Win Rate: 0.0%
2025-08-18 17:10:56 - trading_system - INFO - Backtest completado para BNBUSDT: Return: 0.00%, Trades: 0, Win Rate: 0.0%
2025-08-18 17:10:56 - trading_system - INFO - Backtest completado para SOLUSDT: Return: 0.00%, Trades: 0, Win Rate: 0.0%
2025-08-18 17:10:56 - trading_system - INFO - Backtest completado para XRPUSDT: Return: 0.00%, Trades: 0, Win Rate: 0.0%
2025-08-18 17:10:56 - trading_system - INFO - Backtest completado para ADAUSDT: Return: 0.00%, Trades: 0, Win Rate: 0.0%
2025-08-18 17:10:56 - trading_system - INFO - Backtest completado para LINKUSDT: Return: 0.00%, Trades: 0, Win Rate: 0.0%
2025-08-18 17:10:56 - trading_system - INFO - Backtest completado para DOTUSDT: Return: 0.00%, Trades: 0, Win Rate: 0.0%
2025-08-18 17:10:56 - trading_system - INFO - Backtest completado para AVAXUSDT: Return: 0.00%, Trades: 0, Win Rate: 0.0%
2025-08-18 17:10:56 - trading_system - INFO - Backtest completado para DOGEUSDT: Return: 0.00%, Trades: 0, Win Rate: 0.0%
2025-08-18 17:10:57 - trading_system - INFO - Backtest completado para DOGEUSDT: Return: -1.01%, Trades: 1, Win Rate: 0.0%
2025-08-18 17:10:57 - trading_system - INFO - Backtest completado para DOGEUSDT: Return: -14.27%, Trades: 2, Win Rate: 0.0%
2025-08-18 17:10:57 - trading_system - INFO - Backtest completado para DOGEUSDT: Return: 0.00%, Trades: 0, Win Rate: 0.0%
2025-08-18 17:10:58 - trading_system - INFO - Backtest completado para ADAUSDT: Return: 3.02%, Trades: 3, Win Rate: 100.0%
2025-08-18 17:10:58 - trading_system - INFO - Backtest completado para ADAUSDT: Return: -4.91%, Trades: 3, Win Rate: 33.3%
2025-08-18 17:10:58 - trading_system - INFO - Backtest completado para ADAUSDT: Return: 0.00%, Trades: 0, Win Rate: 0.0%
2025-08-18 17:10:58 - trading_system - INFO - Backtest completado para AVAXUSDT: Return: -2.69%, Trades: 2, Win Rate: 0.0%
2025-08-18 17:10:58 - trading_system - INFO - Backtest completado para AVAXUSDT: Return: 15.45%, Trades: 2, Win Rate: 100.0%
2025-08-18 17:10:59 - trading_system - INFO - Backtest completado para AVAXUSDT: Return: 0.00%, Trades: 0, Win Rate: 0.0%
2025-08-18 17:10:59 - trading_system - INFO - Backtest completado para SOLUSDT: Return: -6.00%, Trades: 2, Win Rate: 0.0%
2025-08-18 17:10:59 - trading_system - INFO - Backtest completado para SOLUSDT: Return: 5.93%, Trades: 3, Win Rate: 100.0%
2025-08-18 17:10:59 - trading_system - INFO - Backtest completado para SOLUSDT: Return: 0.00%, Trades: 0, Win Rate: 0.0%
2025-08-18 17:11:00 - trading_system - INFO - Backtest completado para XRPUSDT: Return: 0.13%, Trades: 2, Win Rate: 50.0%
2025-08-18 17:11:00 - trading_system - INFO - Backtest completado para XRPUSDT: Return: 9.88%, Trades: 3, Win Rate: 100.0%
2025-08-18 17:11:00 - trading_system - INFO - Backtest completado para XRPUSDT: Return: 0.00%, Trades: 0, Win Rate: 0.0%
2025-08-18 17:11:00 - trading_system - INFO - Backtest completado para LINKUSDT: Return: 5.08%, Trades: 3, Win Rate: 33.3%
2025-08-18 17:11:00 - trading_system - INFO - Backtest completado para LINKUSDT: Return: -4.98%, Trades: 1, Win Rate: 0.0%
2025-08-18 17:11:01 - trading_system - INFO - Backtest completado para LINKUSDT: Return: 0.00%, Trades: 0, Win Rate: 0.0%
2025-08-18 17:11:01 - trading_system - INFO - Backtest completado para DOTUSDT: Return: -0.21%, Trades: 1, Win Rate: 0.0%
2025-08-18 17:11:01 - trading_system - INFO - Backtest completado para DOTUSDT: Return: 9.34%, Trades: 2, Win Rate: 100.0%
2025-08-18 17:11:02 - trading_system - INFO - Backtest completado para DOTUSDT: Return: 0.00%, Trades: 0, Win Rate: 0.0%
2025-08-18 17:11:02 - trading_system - INFO - Backtest completado para BNBUSDT: Return: -3.36%, Trades: 2, Win Rate: 0.0%
2025-08-18 17:11:02 - trading_system - INFO - Backtest completado para BNBUSDT: Return: 6.00%, Trades: 4, Win Rate: 100.0%
2025-08-18 17:11:02 - trading_system - INFO - Backtest completado para BNBUSDT: Return: 0.00%, Trades: 0, Win Rate: 0.0%
2025-08-18 17:49:59 - trading_system - INFO - Backtest completado para AVAXUSDT: Return: 0.00%, Trades: 0, Win Rate: 0.0%
2025-08-18 17:50:41 - trading_system - INFO - Backtest completado para AVAXUSDT: Return: 0.00%, Trades: 0, Win Rate: 0.0%
2025-08-18 17:50:54 - trading_system - INFO - Backtest completado para SOLUSDT: Return: 5.93%, Trades: 3, Win Rate: 100.0%
2025-08-18 17:51:51 - trading_system - INFO - Backtest completado para AVAXUSDT: Return: 0.00%, Trades: 0, Win Rate: 0.0%
